0 info it worked if it ends with ok
1 verbose cli [ 'node', '/opt/local/bin/npm', 'publish', './' ]
2 info using npm@1.4.16
3 info using node@v0.10.22
4 verbose publish [ './' ]
5 verbose cache add [ './', null ]
6 verbose cache add name=undefined spec="./" args=["./",null]
7 verbose parsed url { protocol: null,
7 verbose parsed url   slashes: null,
7 verbose parsed url   auth: null,
7 verbose parsed url   host: null,
7 verbose parsed url   port: null,
7 verbose parsed url   hostname: null,
7 verbose parsed url   hash: null,
7 verbose parsed url   search: null,
7 verbose parsed url   query: null,
7 verbose parsed url   pathname: './',
7 verbose parsed url   path: './',
7 verbose parsed url   href: './' }
8 silly lockFile 0ee6c175- ./
9 verbose lock ./ /Users/mani/.npm/0ee6c175-.lock
10 verbose tar pack [ '/Users/mani/.npm/nodebb-plugin-video/0.0.2/package.tgz',
10 verbose tar pack   './' ]
11 verbose tarball /Users/mani/.npm/nodebb-plugin-video/0.0.2/package.tgz
12 verbose folder ./
13 info prepublish nodebb-plugin-video@0.0.2
14 silly lockFile 04cb2bca-tar tar://./
15 verbose lock tar://./ /Users/mani/.npm/04cb2bca-tar.lock
16 silly lockFile 6a0502ac-b-plugin-video-0-0-2-package-tgz tar:///Users/mani/.npm/nodebb-plugin-video/0.0.2/package.tgz
17 verbose lock tar:///Users/mani/.npm/nodebb-plugin-video/0.0.2/package.tgz /Users/mani/.npm/6a0502ac-b-plugin-video-0-0-2-package-tgz.lock
18 silly lockFile 04cb2bca-tar tar://./
19 silly lockFile 04cb2bca-tar tar://./
20 silly lockFile 6a0502ac-b-plugin-video-0-0-2-package-tgz tar:///Users/mani/.npm/nodebb-plugin-video/0.0.2/package.tgz
21 silly lockFile 6a0502ac-b-plugin-video-0-0-2-package-tgz tar:///Users/mani/.npm/nodebb-plugin-video/0.0.2/package.tgz
22 silly lockFile b45fc7e5-odebb-plugin-video-0-0-2-package /Users/mani/.npm/nodebb-plugin-video/0.0.2/package
23 verbose lock /Users/mani/.npm/nodebb-plugin-video/0.0.2/package /Users/mani/.npm/b45fc7e5-odebb-plugin-video-0-0-2-package.lock
24 silly lockFile b45fc7e5-odebb-plugin-video-0-0-2-package /Users/mani/.npm/nodebb-plugin-video/0.0.2/package
25 silly lockFile b45fc7e5-odebb-plugin-video-0-0-2-package /Users/mani/.npm/nodebb-plugin-video/0.0.2/package
26 silly lockFile 0ee6c175- ./
27 silly lockFile 0ee6c175- ./
28 silly publish { name: 'nodebb-plugin-video',
28 silly publish   version: '0.0.2',
28 silly publish   description: 'NodeBB plugin play mp4 video in html5',
28 silly publish   main: 'index.js',
28 silly publish   scripts: { test: 'echo \\"Error: no test specified\\" && exit 1' },
28 silly publish   repository:
28 silly publish    { type: 'git',
28 silly publish      url: 'https://github.com/mani95lisa/nodebb-plugin-video' },
28 silly publish   keywords: [ 'nodebb', 'plugin', 'video' ],
28 silly publish   author:
28 silly publish    { name: 'Mani Wang',
28 silly publish      email: 'mani95lisa@gmail.com',
28 silly publish      url: 'https://github.com/mani95lisa' },
28 silly publish   license: 'WTFPL',
28 silly publish   bugs: { url: 'https://github.com/mani95lisa/nodebb-plugin-video/issues' },
28 silly publish   homepage: 'https://github.com/mani95lisa/nodebb-plugin-video',
28 silly publish   readme: '# NodeBB Plugin Video\n\nNodeBB plugin play mp4 video in html5\n\n## Installation\n\n    npm install nodebb-plugin-video\n\n\n\n\n',
28 silly publish   readmeFilename: 'README.md',
28 silly publish   gitHead: 'fffc8c3b13bcbdba5b4de5bf212945f0e7f86b47',
28 silly publish   _id: 'nodebb-plugin-video@0.0.2',
28 silly publish   _shasum: '72d196126ea56cc685bb7b71ca21e93c80bbf699',
28 silly publish   _from: './' }
29 verbose request where is /nodebb-plugin-video
30 verbose request registry https://registry.npmjs.org/
31 verbose request id 2fe0083face65ba6
32 verbose url raw /nodebb-plugin-video
33 verbose url resolving [ 'https://registry.npmjs.org/', './nodebb-plugin-video' ]
34 verbose url resolved https://registry.npmjs.org/nodebb-plugin-video
35 verbose request where is https://registry.npmjs.org/nodebb-plugin-video
36 info trying registry request attempt 1 at 22:56:28
37 http PUT https://registry.npmjs.org/nodebb-plugin-video
38 http 403 https://registry.npmjs.org/nodebb-plugin-video
39 verbose headers { date: 'Tue, 22 Jul 2014 14:56:17 GMT',
39 verbose headers   server: 'CouchDB/1.5.0 (Erlang OTP/R14B04)',
39 verbose headers   'content-type': 'application/json',
39 verbose headers   'cache-control': 'max-age=60',
39 verbose headers   'content-length': '2665',
39 verbose headers   'accept-ranges': 'bytes',
39 verbose headers   via: '1.1 varnish',
39 verbose headers   'x-served-by': 'cache-ty68-TYO',
39 verbose headers   'x-cache': 'MISS',
39 verbose headers   'x-cache-hits': '0',
39 verbose headers   'x-timer': 'S1406040975.765872,VS0,VE1332',
39 verbose headers   'keep-alive': 'timeout=10, max=50',
39 verbose headers   connection: 'Keep-Alive' }
40 error publish Failed PUT 403
41 error Error: forbidden cannot modify pre-existing version: 0.0.2
41 error old={"name":"nodebb-plugin-video","version":"0.0.2","description":"NodeBB plugin play HLS video by m3u8's address, such as `http://swiftv.qiniudn.com/wwdc-dev.m3u8`","main":"index.js","scripts":{"test":"echo \\\"Error: no test specified\\\" && exit 1"},"repository":{"type":"git","url":"https://github.com/mani95lisa/nodebb-plugin-video"},"keywords":["nodebb","plugin","video"],"author":{"name":"Mani Wang","email":"mani95lisa@gmail.com","url":"https://github.com/mani95lisa"},"license":"WTFPL","bugs":{"url":"https://github.com/mani95lisa/nodebb-plugin-video/issues"},"homepage":"https://github.com/mani95lisa/nodebb-plugin-video","gitHead":"62e3edd66e0104bcb8d32019c4cd9cd1df4ecf08","_id":"nodebb-plugin-video@0.0.2","_shasum":"8fc17a9eea17802059ad8f5390e6582fda95c86e","_from":"./","_npmVersion":"1.4.16","_npmUser":{"name":"mani","email":"mani95lisa@gmail.com"},"maintainers":[{"name":"mani","email":"mani95lisa@gmail.com"}],"dist":{"shasum":"8fc17a9eea17802059ad8f5390e6582fda95c86e","tarball":"http://registry.npmjs.org/nodebb-plugin-video/-/nodebb-plugin-video-0.0.2.tgz"}}
41 error new={"name":"nodebb-plugin-video","version":"0.0.2","description":"NodeBB plugin play mp4 video in html5","main":"index.js","scripts":{"test":"echo \\\"Error: no test specified\\\" && exit 1"},"repository":{"type":"git","url":"https://github.com/mani95lisa/nodebb-plugin-video"},"keywords":["nodebb","plugin","video"],"author":{"name":"Mani Wang","email":"mani95lisa@gmail.com","url":"https://github.com/mani95lisa"},"license":"WTFPL","bugs":{"url":"https://github.com/mani95lisa/nodebb-plugin-video/issues"},"homepage":"https://github.com/mani95lisa/nodebb-plugin-video","readme":"# NodeBB Plugin Video\u000a\u000aNodeBB plugin play mp4 video in html5\u000a\u000a## Installation\u000a\u000a    npm install nodebb-plugin-video\u000a\u000a\u000a\u000a\u000a","readmeFilename":"README.md","gitHead":"fffc8c3b13bcbdba5b4de5bf212945f0e7f86b47","_id":"nodebb-plugin-video@0.0.2","_shasum":"72d196126ea56cc685bb7b71ca21e93c80bbf699","_from":"./","_npmVersion":"1.4.16","_npmUser":{"name":"mani","email":"mani95lisa@gmail.com"},"maintainers":[{"name":"mani","email":"mani95lisa@gmail.com"}],"dist":{"shasum":"72d196126ea56cc685bb7b71ca21e93c80bbf699","tarball":"http://registry.npmjs.org/nodebb-plugin-video/-/nodebb-plugin-video-0.0.2.tgz"}}: nodebb-plugin-video
41 error     at RegClient.<anonymous> (/opt/local/lib/node_modules/npm/node_modules/npm-registry-client/lib/request.js:300:14)
41 error     at Request._callback (/opt/local/lib/node_modules/npm/node_modules/npm-registry-client/lib/request.js:238:65)
41 error     at Request.self.callback (/opt/local/lib/node_modules/npm/node_modules/request/request.js:123:22)
41 error     at Request.EventEmitter.emit (events.js:98:17)
41 error     at Request.<anonymous> (/opt/local/lib/node_modules/npm/node_modules/request/request.js:893:14)
41 error     at Request.EventEmitter.emit (events.js:117:20)
41 error     at IncomingMessage.<anonymous> (/opt/local/lib/node_modules/npm/node_modules/request/request.js:844:12)
41 error     at IncomingMessage.EventEmitter.emit (events.js:117:20)
41 error     at _stream_readable.js:920:16
41 error     at process._tickCallback (node.js:415:13)
42 error If you need help, you may report this *entire* log,
42 error including the npm and node versions, at:
42 error     <http://github.com/npm/npm/issues>
43 error System Darwin 13.2.0
44 error command "node" "/opt/local/bin/npm" "publish" "./"
45 error cwd /Users/mani/bbs/nodebb-plugin-video
46 error node -v v0.10.22
47 error npm -v 1.4.16
48 verbose exit [ 1, true ]
